<?xml version="1.0" encoding="UTF-8" ?>
<!DOCTYPE mapper PUBLIC "-//mybatis.org//DTD Mapper 3.0//EN" "http://mybatis.org/dtd/mybatis-3-mapper.dtd">
<mapper namespace="service.TestService">
	 <select id="getUserById" resultType="dto.TestDTO">
	 	<![CDATA[
	 	 SELECT 
	 	 id,
	 	 name,
	 	 password
	 	 FROM user
	 	 WHERE id = #{id}
	 	]]>
	 </select>
	 
	 <insert id="saveUser">
	 INSERT INTO user (name,password) VALUES (#{name},#{password})
	 </insert>
</mapper>